# JRE version: Java(TM) SE Runtime Environment (8.0_261-b12) (build 1.8.0_261-b12)
# Java VM: Java HotSpot(TM) 64-Bit Server VM (25.261-b12 mixed mode bsd-amd64 compressed oops)
Heap:
 PSYoungGen      total 304640K, used 304565K [0x00000007a0000000, 0x00000007b4280000, 0x00000007c0000000)
  eden space 288256K, 100% used [0x00000007a0000000,0x00000007b1980000,0x00000007b1980000)
  from space 16384K, 99% used [0x00000007b3280000,0x00000007b426d7f0,0x00000007b4280000)
  to   space 20992K, 59% used [0x00000007b1980000,0x00000007b25b8040,0x00000007b2e00000)
 ParOldGen       total 113152K, used 50049K [0x0000000760000000, 0x0000000766e80000, 0x00000007a0000000)
  object space 113152K, 44% used [0x0000000760000000,0x00000007630e0488,0x0000000766e80000)
 Metaspace       used 82464K, capacity 86832K, committed 87064K, reserved 1124352K
  class space    used 11348K, capacity 12273K, committed 12312K, reserved 1048576K
GC Heap History (10 events):
Event: 27.481 GC heap after
Heap after GC invocations=13 (full 2):
 PSYoungGen      total 191488K, used 11243K [0x00000007a0000000, 0x00000007b0000000, 0x00000007c0000000)
  eden space 180224K, 0% used [0x00000007a0000000,0x00000007a0000000,0x00000007ab000000)
  from space 11264K, 99% used [0x00000007ab000000,0x00000007abafaca8,0x00000007abb00000)
  to   space 17408K, 0% used [0x00000007aef00000,0x00000007aef00000,0x00000007b0000000)
 ParOldGen       total 69632K, used 28277K [0x0000000760000000, 0x0000000764400000, 0x00000007a0000000)
  object space 69632K, 40% used [0x0000000760000000,0x0000000761b9d450,0x0000000764400000)
 Metaspace       used 51680K, capacity 53722K, committed 53888K, reserved 1095680K
  class space    used 7087K, capacity 7511K, committed 7552K, reserved 1048576K
}
Event: 29.251 GC heap before
{Heap before GC invocations=14 (full 2):
 PSYoungGen      total 191488K, used 89050K [0x00000007a0000000, 0x00000007b0000000, 0x00000007c0000000)
  eden space 180224K, 43% used [0x00000007a0000000,0x00000007a4bfbc70,0x00000007ab000000)
  from space 11264K, 99% used [0x00000007ab000000,0x00000007abafaca8,0x00000007abb00000)
  to   space 17408K, 0% used [0x00000007aef00000,0x00000007aef00000,0x00000007b0000000)
 ParOldGen       total 69632K, used 28277K [0x0000000760000000, 0x0000000764400000, 0x00000007a0000000)
  object space 69632K, 40% used [0x0000000760000000,0x0000000761b9d450,0x0000000764400000)
 Metaspace       used 56796K, capacity 59112K, committed 59160K, reserved 1099776K
  class space    used 7938K, capacity 8449K, committed 8472K, reserved 1048576K
Event: 29.310 GC heap after
Heap after GC invocations=14 (full 2):
 PSYoungGen      total 245760K, used 8704K [0x00000007a0000000, 0x00000007b1500000, 0x00000007c0000000)
  eden space 228352K, 0% used [0x00000007a0000000,0x00000007a0000000,0x00000007adf00000)
  from space 17408K, 50% used [0x00000007aef00000,0x00000007af7800b0,0x00000007b0000000)
  to   space 16384K, 0% used [0x00000007adf00000,0x00000007adf00000,0x00000007aef00000)
 ParOldGen       total 69632K, used 38413K [0x0000000760000000, 0x0000000764400000, 0x00000007a0000000)
  object space 69632K, 55% used [0x0000000760000000,0x00000007625837c8,0x0000000764400000)
 Metaspace       used 56796K, capacity 59112K, committed 59160K, reserved 1099776K
  class space    used 7938K, capacity 8449K, committed 8472K, reserved 1048576K
}
Event: 29.310 GC heap before
{Heap before GC invocations=15 (full 3):
 PSYoungGen      total 245760K, used 8704K [0x00000007a0000000, 0x00000007b1500000, 0x00000007c0000000)
  eden space 228352K, 0% used [0x00000007a0000000,0x00000007a0000000,0x00000007adf00000)
  from space 17408K, 50% used [0x00000007aef00000,0x00000007af7800b0,0x00000007b0000000)
  to   space 16384K, 0% used [0x00000007adf00000,0x00000007adf00000,0x00000007aef00000)
 ParOldGen       total 69632K, used 38413K [0x0000000760000000, 0x0000000764400000, 0x00000007a0000000)
  object space 69632K, 55% used [0x0000000760000000,0x00000007625837c8,0x0000000764400000)
 Metaspace       used 56796K, capacity 59112K, committed 59160K, reserved 1099776K
  class space    used 7938K, capacity 8449K, committed 8472K, reserved 1048576K
Event: 29.775 GC heap after
Heap after GC invocations=15 (full 3):
 PSYoungGen      total 245760K, used 0K [0x00000007a0000000, 0x00000007b1500000, 0x00000007c0000000)
  eden space 228352K, 0% used [0x00000007a0000000,0x00000007a0000000,0x00000007adf00000)
  from space 17408K, 0% used [0x00000007aef00000,0x00000007aef00000,0x00000007b0000000)
  to   space 16384K, 0% used [0x00000007adf00000,0x00000007adf00000,0x00000007aef00000)
 ParOldGen       total 113152K, used 36409K [0x0000000760000000, 0x0000000766e80000, 0x00000007a0000000)
  object space 113152K, 32% used [0x0000000760000000,0x000000076238e7f8,0x0000000766e80000)
 Metaspace       used 56787K, capacity 59082K, committed 59160K, reserved 1099776K
  class space    used 7935K, capacity 8444K, committed 8472K, reserved 1048576K
}
Event: 50.906 GC heap before
{Heap before GC invocations=16 (full 3):
 PSYoungGen      total 245760K, used 228352K [0x00000007a0000000, 0x00000007b1500000, 0x00000007c0000000)
  eden space 228352K, 100% used [0x00000007a0000000,0x00000007adf00000,0x00000007adf00000)
  from space 17408K, 0% used [0x00000007aef00000,0x00000007aef00000,0x00000007b0000000)
  to   space 16384K, 0% used [0x00000007adf00000,0x00000007adf00000,0x00000007aef00000)
 ParOldGen       total 113152K, used 36409K [0x0000000760000000, 0x0000000766e80000, 0x00000007a0000000)
  object space 113152K, 32% used [0x0000000760000000,0x000000076238e7f8,0x0000000766e80000)
 Metaspace       used 68433K, capacity 71654K, committed 71832K, reserved 1112064K
  class space    used 9468K, capacity 10104K, committed 10136K, reserved 1048576K
Event: 51.113 GC heap after
Heap after GC invocations=16 (full 3):
 PSYoungGen      total 244736K, used 16380K [0x00000007a0000000, 0x00000007b4580000, 0x00000007c0000000)
  eden space 228352K, 0% used [0x00000007a0000000,0x00000007a0000000,0x00000007adf00000)
  from space 16384K, 99% used [0x00000007adf00000,0x00000007aeeff310,0x00000007aef00000)
  to   space 19456K, 0% used [0x00000007b3280000,0x00000007b3280000,0x00000007b4580000)
 ParOldGen       total 113152K, used 39002K [0x0000000760000000, 0x0000000766e80000, 0x00000007a0000000)
  object space 113152K, 34% used [0x0000000760000000,0x00000007626169a8,0x0000000766e80000)
 Metaspace       used 68433K, capacity 71654K, committed 71832K, reserved 1112064K
  class space    used 9468K, capacity 10104K, committed 10136K, reserved 1048576K
}
Event: 76.144 GC heap before
{Heap before GC invocations=17 (full 3):
 PSYoungGen      total 244736K, used 244732K [0x00000007a0000000, 0x00000007b4580000, 0x00000007c0000000)
  eden space 228352K, 100% used [0x00000007a0000000,0x00000007adf00000,0x00000007adf00000)
  from space 16384K, 99% used [0x00000007adf00000,0x00000007aeeff310,0x00000007aef00000)
  to   space 19456K, 0% used [0x00000007b3280000,0x00000007b3280000,0x00000007b4580000)
 ParOldGen       total 113152K, used 39002K [0x0000000760000000, 0x0000000766e80000, 0x00000007a0000000)
  object space 113152K, 34% used [0x0000000760000000,0x00000007626169a8,0x0000000766e80000)
 Metaspace       used 75862K, capacity 79674K, committed 79896K, reserved 1118208K
  class space    used 10498K, capacity 11251K, committed 11288K, reserved 1048576K
Event: 76.322 GC heap after
Heap after GC invocations=17 (full 3):
 PSYoungGen      total 304640K, used 16309K [0x00000007a0000000, 0x00000007b4280000, 0x00000007c0000000)
  eden space 288256K, 0% used [0x00000007a0000000,0x00000007a0000000,0x00000007b1980000)
  from space 16384K, 99% used [0x00000007b3280000,0x00000007b426d7f0,0x00000007b4280000)
  to   space 20992K, 0% used [0x00000007b1980000,0x00000007b1980000,0x00000007b2e00000)
 ParOldGen       total 113152K, used 50041K [0x0000000760000000, 0x0000000766e80000, 0x00000007a0000000)
  object space 113152K, 44% used [0x0000000760000000,0x00000007630de488,0x0000000766e80000)
 Metaspace       used 75862K, capacity 79674K, committed 79896K, reserved 1118208K
  class space    used 10498K, capacity 11251K, committed 11288K, reserved 1048576K
}
Event: 302.299 GC heap before
{Heap before GC invocations=18 (full 3):
 PSYoungGen      total 304640K, used 304565K [0x00000007a0000000, 0x00000007b4280000, 0x00000007c0000000)
  eden space 288256K, 100% used [0x00000007a0000000,0x00000007b1980000,0x00000007b1980000)
  from space 16384K, 99% used [0x00000007b3280000,0x00000007b426d7f0,0x00000007b4280000)
  to   space 20992K, 0% used [0x00000007b1980000,0x00000007b1980000,0x00000007b2e00000)
 ParOldGen       total 113152K, used 50041K [0x0000000760000000, 0x0000000766e80000, 0x00000007a0000000)
  object space 113152K, 44% used [0x0000000760000000,0x00000007630de488,0x0000000766e80000)
 Metaspace       used 82464K, capacity 86832K, committed 87064K, reserved 1124352K
  class space    used 11348K, capacity 12273K, committed 12312K, reserved 1048576K

