# JRE version: Java(TM) SE Runtime Environment (8.0_261-b12) (build 1.8.0_261-b12)
# Java VM: Java HotSpot(TM) 64-Bit Server VM (25.261-b12 mixed mode bsd-amd64 compressed oops)
Heap:
 PSYoungGen      total 166400K, used 18285K [0x00000007a0000000, 0x00000007ac780000, 0x00000007c0000000)
  eden space 134656K, 0% used [0x00000007a0000000,0x00000007a0000000,0x00000007a8380000)
  from space 31744K, 57% used [0x00000007aa880000,0x00000007aba5b590,0x00000007ac780000)
  to   space 34816K, 0% used [0x00000007a8380000,0x00000007a8380000,0x00000007aa580000)
 ParOldGen       total 105472K, used 94466K [0x0000000760000000, 0x0000000766700000, 0x00000007a0000000)
  object space 105472K, 89% used [0x0000000760000000,0x0000000765c40a58,0x0000000766700000)
 Metaspace       used 87036K, capacity 91682K, committed 92032K, reserved 1128448K
  class space    used 11831K, capacity 12804K, committed 12928K, reserved 1048576K
GC Heap History (10 events):
Event: 149.772 GC heap after
Heap after GC invocations=29 (full 3):
 PSYoungGen      total 126976K, used 15389K [0x00000007a0000000, 0x00000007a9000000, 0x00000007c0000000)
  eden space 111104K, 0% used [0x00000007a0000000,0x00000007a0000000,0x00000007a6c80000)
  from space 15872K, 96% used [0x00000007a7e00000,0x00000007a8d074d8,0x00000007a8d80000)
  to   space 17920K, 0% used [0x00000007a6c80000,0x00000007a6c80000,0x00000007a7e00000)
 ParOldGen       total 105472K, used 61201K [0x0000000760000000, 0x0000000766700000, 0x00000007a0000000)
  object space 105472K, 58% used [0x0000000760000000,0x0000000763bc4508,0x0000000766700000)
 Metaspace       used 83657K, capacity 87932K, committed 88064K, reserved 1124352K
  class space    used 11413K, capacity 12275K, committed 12288K, reserved 1048576K
}
Event: 158.633 GC heap before
{Heap before GC invocations=30 (full 3):
 PSYoungGen      total 126976K, used 126493K [0x00000007a0000000, 0x00000007a9000000, 0x00000007c0000000)
  eden space 111104K, 100% used [0x00000007a0000000,0x00000007a6c80000,0x00000007a6c80000)
  from space 15872K, 96% used [0x00000007a7e00000,0x00000007a8d074d8,0x00000007a8d80000)
  to   space 17920K, 0% used [0x00000007a6c80000,0x00000007a6c80000,0x00000007a7e00000)
 ParOldGen       total 105472K, used 61201K [0x0000000760000000, 0x0000000766700000, 0x00000007a0000000)
  object space 105472K, 58% used [0x0000000760000000,0x0000000763bc4508,0x0000000766700000)
 Metaspace       used 83937K, capacity 88120K, committed 88320K, reserved 1126400K
  class space    used 11418K, capacity 12283K, committed 12288K, reserved 1048576K
Event: 158.715 GC heap after
Heap after GC invocations=30 (full 3):
 PSYoungGen      total 129024K, used 16951K [0x00000007a0000000, 0x00000007aa300000, 0x00000007c0000000)
  eden space 111104K, 0% used [0x00000007a0000000,0x00000007a0000000,0x00000007a6c80000)
  from space 17920K, 94% used [0x00000007a6c80000,0x00000007a7d0dfe0,0x00000007a7e00000)
  to   space 20480K, 0% used [0x00000007a8f00000,0x00000007a8f00000,0x00000007aa300000)
 ParOldGen       total 105472K, used 61209K [0x0000000760000000, 0x0000000766700000, 0x00000007a0000000)
  object space 105472K, 58% used [0x0000000760000000,0x0000000763bc6508,0x0000000766700000)
 Metaspace       used 83937K, capacity 88120K, committed 88320K, reserved 1126400K
  class space    used 11418K, capacity 12283K, committed 12288K, reserved 1048576K
}
Event: 206.693 GC heap before
{Heap before GC invocations=31 (full 3):
 PSYoungGen      total 129024K, used 128055K [0x00000007a0000000, 0x00000007aa300000, 0x00000007c0000000)
  eden space 111104K, 100% used [0x00000007a0000000,0x00000007a6c80000,0x00000007a6c80000)
  from space 17920K, 94% used [0x00000007a6c80000,0x00000007a7d0dfe0,0x00000007a7e00000)
  to   space 20480K, 0% used [0x00000007a8f00000,0x00000007a8f00000,0x00000007aa300000)
 ParOldGen       total 105472K, used 61209K [0x0000000760000000, 0x0000000766700000, 0x00000007a0000000)
  object space 105472K, 58% used [0x0000000760000000,0x0000000763bc6508,0x0000000766700000)
 Metaspace       used 84849K, capacity 89186K, committed 89344K, reserved 1126400K
  class space    used 11544K, capacity 12418K, committed 12544K, reserved 1048576K
Event: 206.785 GC heap after
Heap after GC invocations=31 (full 3):
 PSYoungGen      total 142336K, used 20458K [0x00000007a0000000, 0x00000007aa980000, 0x00000007c0000000)
  eden space 121856K, 0% used [0x00000007a0000000,0x00000007a0000000,0x00000007a7700000)
  from space 20480K, 99% used [0x00000007a8f00000,0x00000007aa2faa18,0x00000007aa300000)
  to   space 24576K, 0% used [0x00000007a7700000,0x00000007a7700000,0x00000007a8f00000)
 ParOldGen       total 105472K, used 65101K [0x0000000760000000, 0x0000000766700000, 0x00000007a0000000)
  object space 105472K, 61% used [0x0000000760000000,0x0000000763f93498,0x0000000766700000)
 Metaspace       used 84849K, capacity 89186K, committed 89344K, reserved 1126400K
  class space    used 11544K, capacity 12418K, committed 12544K, reserved 1048576K
}
Event: 229.684 GC heap before
{Heap before GC invocations=32 (full 3):
 PSYoungGen      total 142336K, used 142314K [0x00000007a0000000, 0x00000007aa980000, 0x00000007c0000000)
  eden space 121856K, 100% used [0x00000007a0000000,0x00000007a7700000,0x00000007a7700000)
  from space 20480K, 99% used [0x00000007a8f00000,0x00000007aa2faa18,0x00000007aa300000)
  to   space 24576K, 0% used [0x00000007a7700000,0x00000007a7700000,0x00000007a8f00000)
 ParOldGen       total 105472K, used 65101K [0x0000000760000000, 0x0000000766700000, 0x00000007a0000000)
  object space 105472K, 61% used [0x0000000760000000,0x0000000763f93498,0x0000000766700000)
 Metaspace       used 86397K, capacity 90816K, committed 91008K, reserved 1128448K
  class space    used 11729K, capacity 12635K, committed 12672K, reserved 1048576K
Event: 229.837 GC heap after
Heap after GC invocations=32 (full 3):
 PSYoungGen      total 146432K, used 24573K [0x00000007a0000000, 0x00000007acb80000, 0x00000007c0000000)
  eden space 121856K, 0% used [0x00000007a0000000,0x00000007a0000000,0x00000007a7700000)
  from space 24576K, 99% used [0x00000007a7700000,0x00000007a8eff580,0x00000007a8f00000)
  to   space 35840K, 0% used [0x00000007aa880000,0x00000007aa880000,0x00000007acb80000)
 ParOldGen       total 105472K, used 84212K [0x0000000760000000, 0x0000000766700000, 0x00000007a0000000)
  object space 105472K, 79% used [0x0000000760000000,0x000000076523d0f8,0x0000000766700000)
 Metaspace       used 86397K, capacity 90816K, committed 91008K, reserved 1128448K
  class space    used 11729K, capacity 12635K, committed 12672K, reserved 1048576K
}
Event: 277.934 GC heap before
{Heap before GC invocations=33 (full 3):
 PSYoungGen      total 146432K, used 146429K [0x00000007a0000000, 0x00000007acb80000, 0x00000007c0000000)
  eden space 121856K, 100% used [0x00000007a0000000,0x00000007a7700000,0x00000007a7700000)
  from space 24576K, 99% used [0x00000007a7700000,0x00000007a8eff580,0x00000007a8f00000)
  to   space 35840K, 0% used [0x00000007aa880000,0x00000007aa880000,0x00000007acb80000)
 ParOldGen       total 105472K, used 84212K [0x0000000760000000, 0x0000000766700000, 0x00000007a0000000)
  object space 105472K, 79% used [0x0000000760000000,0x000000076523d0f8,0x0000000766700000)
 Metaspace       used 87036K, capacity 91682K, committed 92032K, reserved 1128448K
  class space    used 11831K, capacity 12804K, committed 12928K, reserved 1048576K
Event: 278.024 GC heap after
Heap after GC invocations=33 (full 3):
 PSYoungGen      total 166400K, used 18285K [0x00000007a0000000, 0x00000007ac780000, 0x00000007c0000000)
  eden space 134656K, 0% used [0x00000007a0000000,0x00000007a0000000,0x00000007a8380000)
  from space 31744K, 57% used [0x00000007aa880000,0x00000007aba5b590,0x00000007ac780000)
  to   space 34816K, 0% used [0x00000007a8380000,0x00000007a8380000,0x00000007aa580000)
 ParOldGen       total 105472K, used 94466K [0x0000000760000000, 0x0000000766700000, 0x00000007a0000000)
  object space 105472K, 89% used [0x0000000760000000,0x0000000765c40a58,0x0000000766700000)
 Metaspace       used 87036K, capacity 91682K, committed 92032K, reserved 1128448K
  class space    used 11831K, capacity 12804K, committed 12928K, reserved 1048576K
}
Event: 278.024 GC heap before
{Heap before GC invocations=34 (full 4):
 PSYoungGen      total 166400K, used 18285K [0x00000007a0000000, 0x00000007ac780000, 0x00000007c0000000)
  eden space 134656K, 0% used [0x00000007a0000000,0x00000007a0000000,0x00000007a8380000)
  from space 31744K, 57% used [0x00000007aa880000,0x00000007aba5b590,0x00000007ac780000)
  to   space 34816K, 0% used [0x00000007a8380000,0x00000007a8380000,0x00000007aa580000)
 ParOldGen       total 105472K, used 94466K [0x0000000760000000, 0x0000000766700000, 0x00000007a0000000)
  object space 105472K, 89% used [0x0000000760000000,0x0000000765c40a58,0x0000000766700000)
 Metaspace       used 87036K, capacity 91682K, committed 92032K, reserved 1128448K
  class space    used 11831K, capacity 12804K, committed 12928K, reserved 1048576K

